<?xml version="1.0" encoding="UTF-8"?>
<coverage generated="1730766226557" clover="3.2.0">
  <project timestamp="1730766226557" name="All files">
    <metrics statements="56" coveredstatements="55" conditionals="3" coveredconditionals="2" methods="20" coveredmethods="19" elements="79" coveredelements="76" complexity="0" loc="56" ncloc="56" packages="1" files="4" classes="4"/>
    <file name="bank_account.js" path="C:\Users\USER\binar\F-BEE24001186_km7_aaa_sistembank_ch4\ch_4\services\bank_account.js">
      <metrics statements="14" coveredstatements="14" conditionals="1" coveredconditionals="0" methods="5" coveredmethods="5"/>
      <line num="4" count="1" type="stmt"/>
      <line num="5" count="1" type="stmt"/>
      <line num="6" count="1" type="stmt"/>
      <line num="7" count="1" type="stmt"/>
      <line num="8" count="1" type="stmt"/>
      <line num="11" count="1" type="stmt"/>
      <line num="12" count="1" type="stmt"/>
      <line num="13" count="1" type="stmt"/>
      <line num="14" count="1" type="stmt"/>
      <line num="19" count="1" type="stmt"/>
      <line num="27" count="1" type="stmt"/>
      <line num="32" count="1" type="stmt"/>
      <line num="39" count="1" type="stmt"/>
      <line num="46" count="1" type="stmt"/>
    </file>
    <file name="profile.js" path="C:\Users\USER\binar\F-BEE24001186_km7_aaa_sistembank_ch4\ch_4\services\profile.js">
      <metrics statements="13" coveredstatements="13" conditionals="0" coveredconditionals="0" methods="4" coveredmethods="4"/>
      <line num="4" count="1" type="stmt"/>
      <line num="5" count="1" type="stmt"/>
      <line num="6" count="1" type="stmt"/>
      <line num="7" count="1" type="stmt"/>
      <line num="8" count="1" type="stmt"/>
      <line num="11" count="1" type="stmt"/>
      <line num="12" count="1" type="stmt"/>
      <line num="13" count="1" type="stmt"/>
      <line num="14" count="1" type="stmt"/>
      <line num="19" count="2" type="stmt"/>
      <line num="21" count="2" type="stmt"/>
      <line num="35" count="1" type="stmt"/>
      <line num="45" count="1" type="stmt"/>
    </file>
    <file name="transaction.js" path="C:\Users\USER\binar\F-BEE24001186_km7_aaa_sistembank_ch4\ch_4\services\transaction.js">
      <metrics statements="11" coveredstatements="11" conditionals="0" coveredconditionals="0" methods="4" coveredmethods="4"/>
      <line num="4" count="1" type="stmt"/>
      <line num="5" count="1" type="stmt"/>
      <line num="6" count="1" type="stmt"/>
      <line num="7" count="1" type="stmt"/>
      <line num="10" count="1" type="stmt"/>
      <line num="11" count="1" type="stmt"/>
      <line num="12" count="1" type="stmt"/>
      <line num="17" count="1" type="stmt"/>
      <line num="24" count="1" type="stmt"/>
      <line num="29" count="1" type="stmt"/>
      <line num="36" count="1" type="stmt"/>
    </file>
    <file name="user.js" path="C:\Users\USER\binar\F-BEE24001186_km7_aaa_sistembank_ch4\ch_4\services\user.js">
      <metrics statements="18" coveredstatements="17" conditionals="2" coveredconditionals="2" methods="7" coveredmethods="6"/>
      <line num="5" count="1" type="stmt"/>
      <line num="6" count="1" type="stmt"/>
      <line num="7" count="1" type="stmt"/>
      <line num="8" count="1" type="stmt"/>
      <line num="11" count="1" type="stmt"/>
      <line num="12" count="1" type="stmt"/>
      <line num="13" count="1" type="stmt"/>
      <line num="18" count="1" type="stmt"/>
      <line num="20" count="1" type="stmt"/>
      <line num="27" count="1" type="stmt"/>
      <line num="32" count="1" type="stmt"/>
      <line num="37" count="1" type="stmt"/>
      <line num="47" count="0" type="stmt"/>
      <line num="55" count="1" type="stmt"/>
      <line num="60" count="2" type="stmt"/>
      <line num="63" count="2" type="cond" truecount="2" falsecount="0"/>
      <line num="64" count="1" type="stmt"/>
      <line num="68" count="1" type="stmt"/>
    </file>
  </project>
</coverage>
