{"C:\\Users\\USER\\binar\\F-BEE24001186_km7_aaa_sistembank_ch4\\ch_4\\services\\bank_account.js": {"path":"C:\\Users\\USER\\binar\\F-BEE24001186_km7_aaa_sistembank_ch4\\ch_4\\services\\bank_account.js","statementMap":{"0":{"start":{"line":4,"column":7},"end":{"line":4,"column":11}},"1":{"start":{"line":5,"column":12},"end":{"line":5,"column":16}},"2":{"start":{"line":6,"column":14},"end":{"line":6,"column":18}},"3":{"start":{"line":7,"column":24},"end":{"line":7,"column":28}},"4":{"start":{"line":8,"column":12},"end":{"line":8,"column":13}},"5":{"start":{"line":11,"column":4},"end":{"line":11,"column":27}},"6":{"start":{"line":12,"column":4},"end":{"line":12,"column":31}},"7":{"start":{"line":13,"column":4},"end":{"line":13,"column":51}},"8":{"start":{"line":14,"column":4},"end":{"line":14,"column":27}},"9":{"start":{"line":19,"column":23},"end":{"line":26,"column":6}},"10":{"start":{"line":27,"column":4},"end":{"line":27,"column":28}},"11":{"start":{"line":32,"column":4},"end":{"line":34,"column":11}},"12":{"start":{"line":39,"column":4},"end":{"line":41,"column":7}},"13":{"start":{"line":46,"column":4},"end":{"line":49,"column":7}}},"fnMap":{"0":{"name":"(anonymous_0)","decl":{"start":{"line":10,"column":2},"end":{"line":10,"column":3}},"loc":{"start":{"line":10,"column":68},"end":{"line":15,"column":3}},"line":10},"1":{"name":"(anonymous_1)","decl":{"start":{"line":18,"column":2},"end":{"line":18,"column":3}},"loc":{"start":{"line":18,"column":17},"end":{"line":28,"column":3}},"line":18},"2":{"name":"(anonymous_2)","decl":{"start":{"line":31,"column":2},"end":{"line":31,"column":3}},"loc":{"start":{"line":31,"column":37},"end":{"line":35,"column":1}},"line":31},"3":{"name":"(anonymous_3)","decl":{"start":{"line":38,"column":2},"end":{"line":38,"column":3}},"loc":{"start":{"line":38,"column":32},"end":{"line":42,"column":1}},"line":38},"4":{"name":"(anonymous_4)","decl":{"start":{"line":45,"column":2},"end":{"line":45,"column":3}},"loc":{"start":{"line":45,"column":52},"end":{"line":50,"column":1}},"line":45}},"branchMap":{"0":{"loc":{"start":{"line":10,"column":55},"end":{"line":10,"column":66}},"type":"default-arg","locations":[{"start":{"line":10,"column":65},"end":{"line":10,"column":66}}],"line":10}},"s":{"0":1,"1":1,"2":1,"3":1,"4":1,"5":1,"6":1,"7":1,"8":1,"9":1,"10":1,"11":1,"12":1,"13":1},"f":{"0":1,"1":1,"2":1,"3":1,"4":1},"b":{"0":[0]},"_coverageSchema":"1a1c01bbd47fc00a2c39e90264f33305004495a9","hash":"b1989050129c72653c0928abb4f6d92f33a36b3a"}
,"C:\\Users\\USER\\binar\\F-BEE24001186_km7_aaa_sistembank_ch4\\ch_4\\services\\profile.js": {"path":"C:\\Users\\USER\\binar\\F-BEE24001186_km7_aaa_sistembank_ch4\\ch_4\\services\\profile.js","statementMap":{"0":{"start":{"line":4,"column":7},"end":{"line":4,"column":11}},"1":{"start":{"line":5,"column":12},"end":{"line":5,"column":16}},"2":{"start":{"line":6,"column":18},"end":{"line":6,"column":22}},"3":{"start":{"line":7,"column":20},"end":{"line":7,"column":24}},"4":{"start":{"line":8,"column":12},"end":{"line":8,"column":16}},"5":{"start":{"line":11,"column":4},"end":{"line":11,"column":27}},"6":{"start":{"line":12,"column":4},"end":{"line":12,"column":39}},"7":{"start":{"line":13,"column":4},"end":{"line":13,"column":43}},"8":{"start":{"line":14,"column":4},"end":{"line":14,"column":27}},"9":{"start":{"line":19,"column":4},"end":{"line":19,"column":42}},"10":{"start":{"line":21,"column":4},"end":{"line":30,"column":7}},"11":{"start":{"line":35,"column":4},"end":{"line":40,"column":7}},"12":{"start":{"line":45,"column":4},"end":{"line":47,"column":7}}},"fnMap":{"0":{"name":"(anonymous_0)","decl":{"start":{"line":10,"column":2},"end":{"line":10,"column":3}},"loc":{"start":{"line":10,"column":64},"end":{"line":15,"column":3}},"line":10},"1":{"name":"(anonymous_1)","decl":{"start":{"line":18,"column":2},"end":{"line":18,"column":3}},"loc":{"start":{"line":18,"column":17},"end":{"line":31,"column":3}},"line":18},"2":{"name":"(anonymous_2)","decl":{"start":{"line":34,"column":2},"end":{"line":34,"column":3}},"loc":{"start":{"line":34,"column":34},"end":{"line":41,"column":3}},"line":34},"3":{"name":"(anonymous_3)","decl":{"start":{"line":44,"column":2},"end":{"line":44,"column":3}},"loc":{"start":{"line":44,"column":37},"end":{"line":48,"column":1}},"line":44}},"branchMap":{},"s":{"0":1,"1":1,"2":1,"3":1,"4":1,"5":1,"6":1,"7":1,"8":1,"9":2,"10":2,"11":1,"12":1},"f":{"0":1,"1":2,"2":1,"3":1},"b":{},"_coverageSchema":"1a1c01bbd47fc00a2c39e90264f33305004495a9","hash":"de604b0c31bc93a1de63d91c39de29568d18c808"}
,"C:\\Users\\USER\\binar\\F-BEE24001186_km7_aaa_sistembank_ch4\\ch_4\\services\\transaction.js": {"path":"C:\\Users\\USER\\binar\\F-BEE24001186_km7_aaa_sistembank_ch4\\ch_4\\services\\transaction.js","statementMap":{"0":{"start":{"line":4,"column":7},"end":{"line":4,"column":11}},"1":{"start":{"line":5,"column":22},"end":{"line":5,"column":26}},"2":{"start":{"line":6,"column":27},"end":{"line":6,"column":31}},"3":{"start":{"line":7,"column":11},"end":{"line":7,"column":15}},"4":{"start":{"line":10,"column":4},"end":{"line":10,"column":47}},"5":{"start":{"line":11,"column":4},"end":{"line":11,"column":57}},"6":{"start":{"line":12,"column":4},"end":{"line":12,"column":25}},"7":{"start":{"line":17,"column":27},"end":{"line":23,"column":6}},"8":{"start":{"line":24,"column":4},"end":{"line":24,"column":32}},"9":{"start":{"line":29,"column":4},"end":{"line":31,"column":7}},"10":{"start":{"line":36,"column":4},"end":{"line":36,"column":47}}},"fnMap":{"0":{"name":"(anonymous_0)","decl":{"start":{"line":9,"column":2},"end":{"line":9,"column":3}},"loc":{"start":{"line":9,"column":65},"end":{"line":13,"column":3}},"line":9},"1":{"name":"(anonymous_1)","decl":{"start":{"line":16,"column":2},"end":{"line":16,"column":3}},"loc":{"start":{"line":16,"column":17},"end":{"line":25,"column":3}},"line":16},"2":{"name":"(anonymous_2)","decl":{"start":{"line":28,"column":2},"end":{"line":28,"column":3}},"loc":{"start":{"line":28,"column":45},"end":{"line":32,"column":3}},"line":28},"3":{"name":"(anonymous_3)","decl":{"start":{"line":35,"column":2},"end":{"line":35,"column":3}},"loc":{"start":{"line":35,"column":36},"end":{"line":37,"column":3}},"line":35}},"branchMap":{},"s":{"0":1,"1":1,"2":1,"3":1,"4":1,"5":1,"6":1,"7":1,"8":1,"9":1,"10":1},"f":{"0":1,"1":1,"2":1,"3":1},"b":{},"_coverageSchema":"1a1c01bbd47fc00a2c39e90264f33305004495a9","hash":"919229057331b316b987b4237b5cf283a3367c8c"}
,"C:\\Users\\USER\\binar\\F-BEE24001186_km7_aaa_sistembank_ch4\\ch_4\\services\\user.js": {"path":"C:\\Users\\USER\\binar\\F-BEE24001186_km7_aaa_sistembank_ch4\\ch_4\\services\\user.js","statementMap":{"0":{"start":{"line":5,"column":7},"end":{"line":5,"column":11}},"1":{"start":{"line":6,"column":9},"end":{"line":6,"column":13}},"2":{"start":{"line":7,"column":10},"end":{"line":7,"column":14}},"3":{"start":{"line":8,"column":13},"end":{"line":8,"column":17}},"4":{"start":{"line":11,"column":4},"end":{"line":11,"column":21}},"5":{"start":{"line":12,"column":4},"end":{"line":12,"column":23}},"6":{"start":{"line":13,"column":4},"end":{"line":13,"column":29}},"7":{"start":{"line":18,"column":30},"end":{"line":18,"column":66}},"8":{"start":{"line":20,"column":20},"end":{"line":26,"column":6}},"9":{"start":{"line":27,"column":4},"end":{"line":27,"column":25}},"10":{"start":{"line":32,"column":4},"end":{"line":32,"column":19}},"11":{"start":{"line":37,"column":4},"end":{"line":42,"column":7}},"12":{"start":{"line":47,"column":2},"end":{"line":50,"column":5}},"13":{"start":{"line":55,"column":4},"end":{"line":55,"column":40}},"14":{"start":{"line":60,"column":17},"end":{"line":62,"column":6}},"15":{"start":{"line":63,"column":4},"end":{"line":65,"column":5}},"16":{"start":{"line":64,"column":6},"end":{"line":64,"column":40}},"17":{"start":{"line":68,"column":4},"end":{"line":70,"column":7}}},"fnMap":{"0":{"name":"(anonymous_0)","decl":{"start":{"line":10,"column":2},"end":{"line":10,"column":3}},"loc":{"start":{"line":10,"column":37},"end":{"line":14,"column":3}},"line":10},"1":{"name":"(anonymous_1)","decl":{"start":{"line":17,"column":2},"end":{"line":17,"column":3}},"loc":{"start":{"line":17,"column":19},"end":{"line":28,"column":3}},"line":17},"2":{"name":"(anonymous_2)","decl":{"start":{"line":31,"column":2},"end":{"line":31,"column":3}},"loc":{"start":{"line":31,"column":10},"end":{"line":33,"column":3}},"line":31},"3":{"name":"(anonymous_3)","decl":{"start":{"line":36,"column":2},"end":{"line":36,"column":3}},"loc":{"start":{"line":36,"column":31},"end":{"line":43,"column":1}},"line":36},"4":{"name":"(anonymous_4)","decl":{"start":{"line":46,"column":0},"end":{"line":46,"column":1}},"loc":{"start":{"line":46,"column":32},"end":{"line":51,"column":1}},"line":46},"5":{"name":"(anonymous_5)","decl":{"start":{"line":54,"column":2},"end":{"line":54,"column":3}},"loc":{"start":{"line":54,"column":29},"end":{"line":56,"column":3}},"line":54},"6":{"name":"(anonymous_6)","decl":{"start":{"line":59,"column":2},"end":{"line":59,"column":3}},"loc":{"start":{"line":59,"column":34},"end":{"line":71,"column":3}},"line":59}},"branchMap":{"0":{"loc":{"start":{"line":63,"column":4},"end":{"line":65,"column":5}},"type":"if","locations":[{"start":{"line":63,"column":4},"end":{"line":65,"column":5}},{"start":{},"end":{}}],"line":63}},"s":{"0":1,"1":1,"2":1,"3":1,"4":1,"5":1,"6":1,"7":1,"8":1,"9":1,"10":1,"11":1,"12":0,"13":1,"14":2,"15":2,"16":1,"17":1},"f":{"0":1,"1":1,"2":1,"3":1,"4":0,"5":1,"6":2},"b":{"0":[1,1]},"_coverageSchema":"1a1c01bbd47fc00a2c39e90264f33305004495a9","hash":"5231b4130336e49f2f40bcd05498ae1aad46d564"}
}
